<?xml version="1.0" encoding="UTF-8"?>
<testng-results ignored="0" total="1" passed="1" failed="0" skipped="0">
  <reporter-output>
  </reporter-output>
  <suite started-at="2019-07-15T11:07:40Z" name="Default suite" finished-at="2019-07-15T11:07:55Z" duration-ms="15142">
    <groups>
    </groups>
    <test started-at="2019-07-15T11:07:40Z" name="Default test" finished-at="2019-07-15T11:07:55Z" duration-ms="15142">
      <class name="FlipKart.SignInandSignOut">
        <test-method signature="doLoginandLogout()[pri:0, instance:FlipKart.SignInandSignOut@646be2c3]" started-at="2019-07-15T11:07:40Z" name="doLoginandLogout" finished-at="2019-07-15T11:07:55Z" duration-ms="15091" status="PASS">
          <reporter-output>
          </reporter-output>
        </test-method> <!-- doLoginandLogout -->
      </class> <!-- FlipKart.SignInandSignOut -->
    </test> <!-- Default test -->
  </suite> <!-- Default suite -->
</testng-results>
